<?xml version="1.0" encoding="UTF-8"?>
<!-- Generated by org.testng.reporters.JUnitReportReporter -->
<testsuite hostname="DESKTOP-H4VF5T7" failures="0" tests="1" name="dealsdray.Login" time="27.136" errors="0" timestamp="2024-03-11T15:14:10 IST" skipped="0">
  <testcase classname="dealsdray.Login" name="login" time="27.136"/>
  <system-out/>
</testsuite> <!-- dealsdray.Login -->
